#
# There is insufficient memory for the Java Runtime Environment to continue.
# Native memory allocation (malloc) failed to allocate 353296 bytes for Chunk::new
# Possible reasons:
#   The system is out of physical RAM or swap space
#   The process is running with CompressedOops enabled, and the Java Heap may be blocking the growth of the native heap
# Possible solutions:
#   Reduce memory load on the system
#   Increase physical memory or swap space
#   Check if swap backing store is full
#   Decrease Java heap size (-Xmx/-Xms)
#   Decrease number of Java threads
#   Decrease Java thread stack sizes (-Xss)
#   Set larger code cache with -XX:ReservedCodeCacheSize=
#   JVM is running with Zero Based Compressed Oops mode in which the Java heap is
#     placed in the first 32GB address space. The Java Heap base address is the
#     maximum limit for the native heap growth. Please use -XX:HeapBaseMinAddress
#     to set the Java Heap base and to place the Java Heap above 32GB virtual address.
# This output file may be truncated or incomplete.
#
#  Out of Memory Error (src/hotspot/share/memory/arena.cpp:197), pid=11120, tid=15388
#
# JRE version: OpenJDK Runtime Environment (11.0.15) (build 11.0.15+0-b2043.56-9505619)
# Java VM: OpenJDK 64-Bit Server VM (11.0.15+0-b2043.56-9505619, mixed mode, tiered, compressed oops, g1 gc, windows-amd64)
# No core dump will be written. Minidumps are not enabled by default on client versions of Windows
#

---------------  S U M M A R Y ------------

Command Line: org.jetbrains.kotlin.cli.jvm.K2JVMCompiler @C:\Users\Admin\Desktop\Github\Classo\app\build\20230410_272690988206381246.compiler.options

Host: AMD Ryzen 7 5700U with Radeon Graphics         , 16 cores, 15G,  Windows 10 , 64 bit Build 19041 (10.0.19041.2788)
Time: Mon Apr 10 20:08:20 2023 India Standard Time elapsed time: 0.853365 seconds (0d 0h 0m 0s)

---------------  T H R E A D  ---------------

Current thread (0x0000022d7064a800):  JavaThread "C2 CompilerThread1" daemon [_thread_in_native, id=15388, stack(0x000000d498300000,0x000000d498400000)]


Current CompileTask:
C2:    853 1909       4       java.util.jar.JarFile::getEntry (22 bytes)

Stack: [0x000000d498300000,0x000000d498400000]
Native frames: (J=compiled Java code, j=interpreted, Vv=VM code, C=native code)
V  [jvm.dll+0x64135a]
V  [jvm.dll+0x7d39f9]
V  [jvm.dll+0x7d51b9]
V  [jvm.dll+0x7d58a3]
V  [jvm.dll+0x2691c5]
V  [jvm.dll+0xc1a5c]
V  [jvm.dll+0xc200c]
V  [jvm.dll+0x3774a7]
V  [jvm.dll+0x342495]
V  [jvm.dll+0x34186a]
V  [jvm.dll+0x2214bd]
V  [jvm.dll+0x220498]
V  [jvm.dll+0x19e851]
V  [jvm.dll+0x230479]
V  [jvm.dll+0x22e5ef]
V  [jvm.dll+0x794de1]
V  [jvm.dll+0x78dc24]
V  [jvm.dll+0x6400f6]
C  [ucrtbase.dll+0x21bb2]
C  [KERNEL32.DLL+0x17604]
C  [ntdll.dll+0x526a1]


---------------  P R O C E S S  ---------------

Threads class SMR info:
_java_thread_list=0x0000022d70945a50, length=15, elements={
0x0000022d4e571000, 0x0000022d6fb7a000, 0x0000022d6fb83800, 0x0000022d6fb98000,
0x0000022d6fb99000, 0x0000022d6fb9a800, 0x0000022d6fb9b800, 0x0000022d70443000,
0x0000022d7044f800, 0x0000022d70420800, 0x0000022d70617000, 0x0000022d7064a800,
0x0000022d7064b800, 0x0000022d70ba0000, 0x0000022d70ba1000
}

Java Threads: ( => current thread )
  0x0000022d4e571000 JavaThread "main" [_thread_blocked, id=12468, stack(0x000000d497100000,0x000000d497200000)]
  0x0000022d6fb7a000 JavaThread "Reference Handler" daemon [_thread_blocked, id=14596, stack(0x000000d497800000,0x000000d497900000)]
  0x0000022d6fb83800 JavaThread "Finalizer" daemon [_thread_blocked, id=15128, stack(0x000000d497900000,0x000000d497a00000)]
  0x0000022d6fb98000 JavaThread "Signal Dispatcher" daemon [_thread_blocked, id=11504, stack(0x000000d497a00000,0x000000d497b00000)]
  0x0000022d6fb99000 JavaThread "Attach Listener" daemon [_thread_blocked, id=748, stack(0x000000d497b00000,0x000000d497c00000)]
  0x0000022d6fb9a800 JavaThread "Service Thread" daemon [_thread_blocked, id=11660, stack(0x000000d497c00000,0x000000d497d00000)]
  0x0000022d6fb9b800 JavaThread "C2 CompilerThread0" daemon [_thread_blocked, id=15364, stack(0x000000d497d00000,0x000000d497e00000)]
  0x0000022d70443000 JavaThread "C1 CompilerThread0" daemon [_thread_blocked, id=15368, stack(0x000000d497e00000,0x000000d497f00000)]
  0x0000022d7044f800 JavaThread "Sweeper thread" daemon [_thread_blocked, id=15372, stack(0x000000d497f00000,0x000000d498000000)]
  0x0000022d70420800 JavaThread "C1 CompilerThread1" daemon [_thread_blocked, id=15376, stack(0x000000d498000000,0x000000d498100000)]
  0x0000022d70617000 JavaThread "Common-Cleaner" daemon [_thread_blocked, id=15384, stack(0x000000d498200000,0x000000d498300000)]
=>0x0000022d7064a800 JavaThread "C2 CompilerThread1" daemon [_thread_in_native, id=15388, stack(0x000000d498300000,0x000000d498400000)]
  0x0000022d7064b800 JavaThread "C2 CompilerThread2" daemon [_thread_blocked, id=15392, stack(0x000000d498400000,0x000000d498500000)]
  0x0000022d70ba0000 JavaThread "C1 CompilerThread2" daemon [_thread_blocked, id=15396, stack(0x000000d498500000,0x000000d498600000)]
  0x0000022d70ba1000 JavaThread "C1 CompilerThread3" daemon [_thread_blocked, id=15400, stack(0x000000d498600000,0x000000d498700000)]

Other Threads:
  0x0000022d6fb75000 VMThread "VM Thread" [stack: 0x000000d497700000,0x000000d497800000] [id=10628]
  0x0000022d7060f000 WatcherThread [stack: 0x000000d498100000,0x000000d498200000] [id=15380]
  0x0000022d4e589000 GCTaskThread "GC Thread#0" [stack: 0x000000d497200000,0x000000d497300000] [id=13940]
  0x0000022d70e50800 GCTaskThread "GC Thread#1" [stack: 0x000000d498700000,0x000000d498800000] [id=15404]
  0x0000022d70b7e800 GCTaskThread "GC Thread#2" [stack: 0x000000d498800000,0x000000d498900000] [id=15408]
  0x0000022d70e59800 GCTaskThread "GC Thread#3" [stack: 0x000000d498900000,0x000000d498a00000] [id=15412]
  0x0000022d70e5a000 GCTaskThread "GC Thread#4" [stack: 0x000000d498a00000,0x000000d498b00000] [id=15416]
  0x0000022d4e5e4000 ConcurrentGCThread "G1 Main Marker" [stack: 0x000000d497300000,0x000000d497400000] [id=14508]
  0x0000022d4e5e5800 ConcurrentGCThread "G1 Conc#0" [stack: 0x000000d497400000,0x000000d497500000] [id=12708]
  0x0000022d6fa5c800 ConcurrentGCThread "G1 Refine#0" [stack: 0x000000d497500000,0x000000d497600000] [id=13676]
  0x0000022d6fa5e800 ConcurrentGCThread "G1 Young RemSet Sampling" [stack: 0x000000d497600000,0x000000d497700000] [id=14012]

Threads with active compile tasks:
C2 CompilerThread1      862 1909       4       java.util.jar.JarFile::getEntry (22 bytes)
C2 CompilerThread2      862 1911       4       java.lang.String::regionMatches (150 bytes)

VM state:at safepoint (normal execution)

VM Mutex/Monitor currently owned by a thread:  ([mutex/lock_event])
[0x0000022d4e56e280] Threads_lock - owner thread: 0x0000022d6fb75000
[0x0000022d4e56e4c0] Heap_lock - owner thread: 0x0000022d4e571000

Heap address: 0x000000070a800000, size: 3928 MB, Compressed Oops mode: Zero based, Oop shift amount: 3
Narrow klass base: 0x0000000800000000, Narrow klass shift: 0
Compressed class space size: 1073741824 Address: 0x0000000800000000

Heap:
 garbage-first heap   total 251904K, used 38004K [0x000000070a800000, 0x0000000800000000)
  region size 1024K, 36 young (36864K), 5 survivors (5120K)
 Metaspace       used 18657K, capacity 18865K, committed 18944K, reserved 1073152K
  class space    used 1899K, capacity 1995K, committed 2048K, reserved 1048576K
Heap Regions: E=young(eden), S=young(survivor), O=old, HS=humongous(starts), HC=humongous(continues), CS=collection set, F=free, A=archive, TAMS=top-at-mark-start (previous, next)
|   0|0x000000070a800000, 0x000000070a900000, 0x000000070a900000|100%|HS|  |TAMS 0x000000070a800000, 0x000000070a900000| Complete 
|   1|0x000000070a900000, 0x000000070aa00000, 0x000000070aa00000|100%|HC|  |TAMS 0x000000070a900000, 0x000000070aa00000| Complete 
|   2|0x000000070aa00000, 0x000000070ab00000, 0x000000070ab00000|100%|HC|  |TAMS 0x000000070aa00000, 0x000000070ab00000| Complete 
|   3|0x000000070ab00000, 0x000000070ac00000, 0x000000070ac00000|100%|HC|  |TAMS 0x000000070ab00000, 0x000000070ac00000| Complete 
|   4|0x000000070ac00000, 0x000000070ac00000, 0x000000070ad00000|  0%| F|  |TAMS 0x000000070ac00000, 0x000000070ac00000| Untracked 
|   5|0x000000070ad00000, 0x000000070ad00000, 0x000000070ae00000|  0%| F|  |TAMS 0x000000070ad00000, 0x000000070ad00000| Untracked 
|   6|0x000000070ae00000, 0x000000070ae00000, 0x000000070af00000|  0%| F|  |TAMS 0x000000070ae00000, 0x000000070ae00000| Untracked 
|   7|0x000000070af00000, 0x000000070af00000, 0x000000070b000000|  0%| F|  |TAMS 0x000000070af00000, 0x000000070af00000| Untracked 
|   8|0x000000070b000000, 0x000000070b000000, 0x000000070b100000|  0%| F|  |TAMS 0x000000070b000000, 0x000000070b000000| Untracked 
|   9|0x000000070b100000, 0x000000070b100000, 0x000000070b200000|  0%| F|  |TAMS 0x000000070b100000, 0x000000070b100000| Untracked 
|  10|0x000000070b200000, 0x000000070b200000, 0x000000070b300000|  0%| F|  |TAMS 0x000000070b200000, 0x000000070b200000| Untracked 
|  11|0x000000070b300000, 0x000000070b300000, 0x000000070b400000|  0%| F|  |TAMS 0x000000070b300000, 0x000000070b300000| Untracked 
|  12|0x000000070b400000, 0x000000070b400000, 0x000000070b500000|  0%| F|  |TAMS 0x000000070b400000, 0x000000070b400000| Untracked 
|  13|0x000000070b500000, 0x000000070b500000, 0x000000070b600000|  0%| F|  |TAMS 0x000000070b500000, 0x000000070b500000| Untracked 
|  14|0x000000070b600000, 0x000000070b600000, 0x000000070b700000|  0%| F|  |TAMS 0x000000070b600000, 0x000000070b600000| Untracked 
|  15|0x000000070b700000, 0x000000070b700000, 0x000000070b800000|  0%| F|  |TAMS 0x000000070b700000, 0x000000070b700000| Untracked 
|  16|0x000000070b800000, 0x000000070b800000, 0x000000070b900000|  0%| F|  |TAMS 0x000000070b800000, 0x000000070b800000| Untracked 
|  17|0x000000070b900000, 0x000000070b900000, 0x000000070ba00000|  0%| F|  |TAMS 0x000000070b900000, 0x000000070b900000| Untracked 
|  18|0x000000070ba00000, 0x000000070ba00000, 0x000000070bb00000|  0%| F|  |TAMS 0x000000070ba00000, 0x000000070ba00000| Untracked 
|  19|0x000000070bb00000, 0x000000070bb00000, 0x000000070bc00000|  0%| F|  |TAMS 0x000000070bb00000, 0x000000070bb00000| Untracked 
|  20|0x000000070bc00000, 0x000000070bc00000, 0x000000070bd00000|  0%| F|  |TAMS 0x000000070bc00000, 0x000000070bc00000| Untracked 
|  21|0x000000070bd00000, 0x000000070bd00000, 0x000000070be00000|  0%| F|  |TAMS 0x000000070bd00000, 0x000000070bd00000| Untracked 
|  22|0x000000070be00000, 0x000000070be00000, 0x000000070bf00000|  0%| F|  |TAMS 0x000000070be00000, 0x000000070be00000| Untracked 
|  23|0x000000070bf00000, 0x000000070bf00000, 0x000000070c000000|  0%| F|  |TAMS 0x000000070bf00000, 0x000000070bf00000| Untracked 
|  24|0x000000070c000000, 0x000000070c000000, 0x000000070c100000|  0%| F|  |TAMS 0x000000070c000000, 0x000000070c000000| Untracked 
|  25|0x000000070c100000, 0x000000070c100000, 0x000000070c200000|  0%| F|  |TAMS 0x000000070c100000, 0x000000070c100000| Untracked 
|  26|0x000000070c200000, 0x000000070c200000, 0x000000070c300000|  0%| F|  |TAMS 0x000000070c200000, 0x000000070c200000| Untracked 
|  27|0x000000070c300000, 0x000000070c300000, 0x000000070c400000|  0%| F|  |TAMS 0x000000070c300000, 0x000000070c300000| Untracked 
|  28|0x000000070c400000, 0x000000070c400000, 0x000000070c500000|  0%| F|  |TAMS 0x000000070c400000, 0x000000070c400000| Untracked 
|  29|0x000000070c500000, 0x000000070c500000, 0x000000070c600000|  0%| F|  |TAMS 0x000000070c500000, 0x000000070c500000| Untracked 
|  30|0x000000070c600000, 0x000000070c600000, 0x000000070c700000|  0%| F|  |TAMS 0x000000070c600000, 0x000000070c600000| Untracked 
|  31|0x000000070c700000, 0x000000070c700000, 0x000000070c800000|  0%| F|  |TAMS 0x000000070c700000, 0x000000070c700000| Untracked 
|  32|0x000000070c800000, 0x000000070c800000, 0x000000070c900000|  0%| F|  |TAMS 0x000000070c800000, 0x000000070c800000| Untracked 
|  33|0x000000070c900000, 0x000000070c900000, 0x000000070ca00000|  0%| F|  |TAMS 0x000000070c900000, 0x000000070c900000| Untracked 
|  34|0x000000070ca00000, 0x000000070ca00000, 0x000000070cb00000|  0%| F|  |TAMS 0x000000070ca00000, 0x000000070ca00000| Untracked 
|  35|0x000000070cb00000, 0x000000070cb00000, 0x000000070cc00000|  0%| F|  |TAMS 0x000000070cb00000, 0x000000070cb00000| Untracked 
|  36|0x000000070cc00000, 0x000000070cc00000, 0x000000070cd00000|  0%| F|  |TAMS 0x000000070cc00000, 0x000000070cc00000| Untracked 
|  37|0x000000070cd00000, 0x000000070cd00000, 0x000000070ce00000|  0%| F|  |TAMS 0x000000070cd00000, 0x000000070cd00000| Untracked 
|  38|0x000000070ce00000, 0x000000070ce00000, 0x000000070cf00000|  0%| F|  |TAMS 0x000000070ce00000, 0x000000070ce00000| Untracked 
|  39|0x000000070cf00000, 0x000000070cf00000, 0x000000070d000000|  0%| F|  |TAMS 0x000000070cf00000, 0x000000070cf00000| Untracked 
|  40|0x000000070d000000, 0x000000070d000000, 0x000000070d100000|  0%| F|  |TAMS 0x000000070d000000, 0x000000070d000000| Untracked 
|  41|0x000000070d100000, 0x000000070d100000, 0x000000070d200000|  0%| F|  |TAMS 0x000000070d100000, 0x000000070d100000| Untracked 
|  42|0x000000070d200000, 0x000000070d200000, 0x000000070d300000|  0%| F|  |TAMS 0x000000070d200000, 0x000000070d200000| Untracked 
|  43|0x000000070d300000, 0x000000070d300000, 0x000000070d400000|  0%| F|  |TAMS 0x000000070d300000, 0x000000070d300000| Untracked 
|  44|0x000000070d400000, 0x000000070d400000, 0x000000070d500000|  0%| F|  |TAMS 0x000000070d400000, 0x000000070d400000| Untracked 
|  45|0x000000070d500000, 0x000000070d500000, 0x000000070d600000|  0%| F|  |TAMS 0x000000070d500000, 0x000000070d500000| Untracked 
|  46|0x000000070d600000, 0x000000070d600000, 0x000000070d700000|  0%| F|  |TAMS 0x000000070d600000, 0x000000070d600000| Untracked 
|  47|0x000000070d700000, 0x000000070d700000, 0x000000070d800000|  0%| F|  |TAMS 0x000000070d700000, 0x000000070d700000| Untracked 
|  48|0x000000070d800000, 0x000000070d800000, 0x000000070d900000|  0%| F|  |TAMS 0x000000070d800000, 0x000000070d800000| Untracked 
|  49|0x000000070d900000, 0x000000070d900000, 0x000000070da00000|  0%| F|  |TAMS 0x000000070d900000, 0x000000070d900000| Untracked 
|  50|0x000000070da00000, 0x000000070da00000, 0x000000070db00000|  0%| F|  |TAMS 0x000000070da00000, 0x000000070da00000| Untracked 
|  51|0x000000070db00000, 0x000000070db00000, 0x000000070dc00000|  0%| F|  |TAMS 0x000000070db00000, 0x000000070db00000| Untracked 
|  52|0x000000070dc00000, 0x000000070dc00000, 0x000000070dd00000|  0%| F|  |TAMS 0x000000070dc00000, 0x000000070dc00000| Untracked 
|  53|0x000000070dd00000, 0x000000070dd00000, 0x000000070de00000|  0%| F|  |TAMS 0x000000070dd00000, 0x000000070dd00000| Untracked 
|  54|0x000000070de00000, 0x000000070de00000, 0x000000070df00000|  0%| F|  |TAMS 0x000000070de00000, 0x000000070de00000| Untracked 
|  55|0x000000070df00000, 0x000000070df00000, 0x000000070e000000|  0%| F|  |TAMS 0x000000070df00000, 0x000000070df00000| Untracked 
|  56|0x000000070e000000, 0x000000070e000000, 0x000000070e100000|  0%| F|  |TAMS 0x000000070e000000, 0x000000070e000000| Untracked 
|  57|0x000000070e100000, 0x000000070e100000, 0x000000070e200000|  0%| F|  |TAMS 0x000000070e100000, 0x000000070e100000| Untracked 
|  58|0x000000070e200000, 0x000000070e200000, 0x000000070e300000|  0%| F|  |TAMS 0x000000070e200000, 0x000000070e200000| Untracked 
|  59|0x000000070e300000, 0x000000070e300000, 0x000000070e400000|  0%| F|  |TAMS 0x000000070e300000, 0x000000070e300000| Untracked 
|  60|0x000000070e400000, 0x000000070e400000, 0x000000070e500000|  0%| F|  |TAMS 0x000000070e400000, 0x000000070e400000| Untracked 
|  61|0x000000070e500000, 0x000000070e500000, 0x000000070e600000|  0%| F|  |TAMS 0x000000070e500000, 0x000000070e500000| Untracked 
|  62|0x000000070e600000, 0x000000070e600000, 0x000000070e700000|  0%| F|  |TAMS 0x000000070e600000, 0x000000070e600000| Untracked 
|  63|0x000000070e700000, 0x000000070e700000, 0x000000070e800000|  0%| F|  |TAMS 0x000000070e700000, 0x000000070e700000| Untracked 
|  64|0x000000070e800000, 0x000000070e800000, 0x000000070e900000|  0%| F|  |TAMS 0x000000070e800000, 0x000000070e800000| Untracked 
|  65|0x000000070e900000, 0x000000070e900000, 0x000000070ea00000|  0%| F|  |TAMS 0x000000070e900000, 0x000000070e900000| Untracked 
|  66|0x000000070ea00000, 0x000000070ea00000, 0x000000070eb00000|  0%| F|  |TAMS 0x000000070ea00000, 0x000000070ea00000| Untracked 
|  67|0x000000070eb00000, 0x000000070eb00000, 0x000000070ec00000|  0%| F|  |TAMS 0x000000070eb00000, 0x000000070eb00000| Untracked 
|  68|0x000000070ec00000, 0x000000070ec00000, 0x000000070ed00000|  0%| F|  |TAMS 0x000000070ec00000, 0x000000070ec00000| Untracked 
|  69|0x000000070ed00000, 0x000000070ed00000, 0x000000070ee00000|  0%| F|  |TAMS 0x000000070ed00000, 0x000000070ed00000| Untracked 
|  70|0x000000070ee00000, 0x000000070ee00000, 0x000000070ef00000|  0%| F|  |TAMS 0x000000070ee00000, 0x000000070ee00000| Untracked 
|  71|0x000000070ef00000, 0x000000070ef00000, 0x000000070f000000|  0%| F|  |TAMS 0x000000070ef00000, 0x000000070ef00000| Untracked 
|  72|0x000000070f000000, 0x000000070f000000, 0x000000070f100000|  0%| F|  |TAMS 0x000000070f000000, 0x000000070f000000| Untracked 
|  73|0x000000070f100000, 0x000000070f100000, 0x000000070f200000|  0%| F|  |TAMS 0x000000070f100000, 0x000000070f100000| Untracked 
|  74|0x000000070f200000, 0x000000070f200000, 0x000000070f300000|  0%| F|  |TAMS 0x000000070f200000, 0x000000070f200000| Untracked 
|  75|0x000000070f300000, 0x000000070f300000, 0x000000070f400000|  0%| F|  |TAMS 0x000000070f300000, 0x000000070f300000| Untracked 
|  76|0x000000070f400000, 0x000000070f400000, 0x000000070f500000|  0%| F|  |TAMS 0x000000070f400000, 0x000000070f400000| Untracked 
|  77|0x000000070f500000, 0x000000070f500000, 0x000000070f600000|  0%| F|  |TAMS 0x000000070f500000, 0x000000070f500000| Untracked 
|  78|0x000000070f600000, 0x000000070f600000, 0x000000070f700000|  0%| F|  |TAMS 0x000000070f600000, 0x000000070f600000| Untracked 
|  79|0x000000070f700000, 0x000000070f700000, 0x000000070f800000|  0%| F|  |TAMS 0x000000070f700000, 0x000000070f700000| Untracked 
|  80|0x000000070f800000, 0x000000070f800000, 0x000000070f900000|  0%| F|  |TAMS 0x000000070f800000, 0x000000070f800000| Untracked 
|  81|0x000000070f900000, 0x000000070f900000, 0x000000070fa00000|  0%| F|  |TAMS 0x000000070f900000, 0x000000070f900000| Untracked 
|  82|0x000000070fa00000, 0x000000070fa00000, 0x000000070fb00000|  0%| F|  |TAMS 0x000000070fa00000, 0x000000070fa00000| Untracked 
|  83|0x000000070fb00000, 0x000000070fb00000, 0x000000070fc00000|  0%| F|  |TAMS 0x000000070fb00000, 0x000000070fb00000| Untracked 
|  84|0x000000070fc00000, 0x000000070fc00000, 0x000000070fd00000|  0%| F|  |TAMS 0x000000070fc00000, 0x000000070fc00000| Untracked 
|  85|0x000000070fd00000, 0x000000070fd00000, 0x000000070fe00000|  0%| F|  |TAMS 0x000000070fd00000, 0x000000070fd00000| Untracked 
|  86|0x000000070fe00000, 0x000000070fe00000, 0x000000070ff00000|  0%| F|  |TAMS 0x000000070fe00000, 0x000000070fe00000| Untracked 
|  87|0x000000070ff00000, 0x000000070ff00000, 0x0000000710000000|  0%| F|  |TAMS 0x000000070ff00000, 0x000000070ff00000| Untracked 
|  88|0x0000000710000000, 0x0000000710000000, 0x0000000710100000|  0%| F|  |TAMS 0x0000000710000000, 0x0000000710000000| Untracked 
|  89|0x0000000710100000, 0x0000000710100000, 0x0000000710200000|  0%| F|  |TAMS 0x0000000710100000, 0x0000000710100000| Untracked 
|  90|0x0000000710200000, 0x0000000710200000, 0x0000000710300000|  0%| F|  |TAMS 0x0000000710200000, 0x0000000710200000| Untracked 
|  91|0x0000000710300000, 0x0000000710300000, 0x0000000710400000|  0%| F|  |TAMS 0x0000000710300000, 0x0000000710300000| Untracked 
|  92|0x0000000710400000, 0x0000000710400000, 0x0000000710500000|  0%| F|  |TAMS 0x0000000710400000, 0x0000000710400000| Untracked 
|  93|0x0000000710500000, 0x0000000710500000, 0x0000000710600000|  0%| F|  |TAMS 0x0000000710500000, 0x0000000710500000| Untracked 
|  94|0x0000000710600000, 0x0000000710600000, 0x0000000710700000|  0%| F|  |TAMS 0x0000000710600000, 0x0000000710600000| Untracked 
|  95|0x0000000710700000, 0x0000000710700000, 0x0000000710800000|  0%| F|  |TAMS 0x0000000710700000, 0x0000000710700000| Untracked 
|  96|0x0000000710800000, 0x0000000710800000, 0x0000000710900000|  0%| F|  |TAMS 0x0000000710800000, 0x0000000710800000| Untracked 
|  97|0x0000000710900000, 0x0000000710900000, 0x0000000710a00000|  0%| F|  |TAMS 0x0000000710900000, 0x0000000710900000| Untracked 
|  98|0x0000000710a00000, 0x0000000710a00000, 0x0000000710b00000|  0%| F|  |TAMS 0x0000000710a00000, 0x0000000710a00000| Untracked 
|  99|0x0000000710b00000, 0x0000000710b00000, 0x0000000710c00000|  0%| F|  |TAMS 0x0000000710b00000, 0x0000000710b00000| Untracked 
| 100|0x0000000710c00000, 0x0000000710c00000, 0x0000000710d00000|  0%| F|  |TAMS 0x0000000710c00000, 0x0000000710c00000| Untracked 
| 101|0x0000000710d00000, 0x0000000710d00000, 0x0000000710e00000|  0%| F|  |TAMS 0x0000000710d00000, 0x0000000710d00000| Untracked 
| 102|0x0000000710e00000, 0x0000000710e00000, 0x0000000710f00000|  0%| F|  |TAMS 0x0000000710e00000, 0x0000000710e00000| Untracked 
| 103|0x0000000710f00000, 0x0000000710f00000, 0x0000000711000000|  0%| F|  |TAMS 0x0000000710f00000, 0x0000000710f00000| Untracked 
| 104|0x0000000711000000, 0x0000000711000000, 0x0000000711100000|  0%| F|  |TAMS 0x0000000711000000, 0x0000000711000000| Untracked 
| 105|0x0000000711100000, 0x0000000711100000, 0x0000000711200000|  0%| F|  |TAMS 0x0000000711100000, 0x0000000711100000| Untracked 
| 106|0x0000000711200000, 0x0000000711200000, 0x0000000711300000|  0%| F|  |TAMS 0x0000000711200000, 0x0000000711200000| Untracked 
| 107|0x0000000711300000, 0x0000000711300000, 0x0000000711400000|  0%| F|  |TAMS 0x0000000711300000, 0x0000000711300000| Untracked 
| 108|0x0000000711400000, 0x0000000711400000, 0x0000000711500000|  0%| F|  |TAMS 0x0000000711400000, 0x0000000711400000| Untracked 
| 109|0x0000000711500000, 0x0000000711500000, 0x0000000711600000|  0%| F|  |TAMS 0x0000000711500000, 0x0000000711500000| Untracked 
| 110|0x0000000711600000, 0x0000000711600000, 0x0000000711700000|  0%| F|  |TAMS 0x0000000711600000, 0x0000000711600000| Untracked 
| 111|0x0000000711700000, 0x0000000711700000, 0x0000000711800000|  0%| F|  |TAMS 0x0000000711700000, 0x0000000711700000| Untracked 
| 112|0x0000000711800000, 0x0000000711800000, 0x0000000711900000|  0%| F|  |TAMS 0x0000000711800000, 0x0000000711800000| Untracked 
| 113|0x0000000711900000, 0x0000000711900000, 0x0000000711a00000|  0%| F|  |TAMS 0x0000000711900000, 0x0000000711900000| Untracked 
| 114|0x0000000711a00000, 0x0000000711a00000, 0x0000000711b00000|  0%| F|  |TAMS 0x0000000711a00000, 0x0000000711a00000| Untracked 
| 115|0x0000000711b00000, 0x0000000711b00000, 0x0000000711c00000|  0%| F|  |TAMS 0x0000000711b00000, 0x0000000711b00000| Untracked 
| 116|0x0000000711c00000, 0x0000000711c00000, 0x0000000711d00000|  0%| F|  |TAMS 0x0000000711c00000, 0x0000000711c00000| Untracked 
| 117|0x0000000711d00000, 0x0000000711d00000, 0x0000000711e00000|  0%| F|  |TAMS 0x0000000711d00000, 0x0000000711d00000| Untracked 
| 118|0x0000000711e00000, 0x0000000711e00000, 0x0000000711f00000|  0%| F|  |TAMS 0x0000000711e00000, 0x0000000711e00000| Untracked 
| 119|0x0000000711f00000, 0x0000000711f00000, 0x0000000712000000|  0%| F|  |TAMS 0x0000000711f00000, 0x0000000711f00000| Untracked 
| 120|0x0000000712000000, 0x0000000712000000, 0x0000000712100000|  0%| F|  |TAMS 0x0000000712000000, 0x0000000712000000| Untracked 
| 121|0x0000000712100000, 0x0000000712100000, 0x0000000712200000|  0%| F|  |TAMS 0x0000000712100000, 0x0000000712100000| Untracked 
| 122|0x0000000712200000, 0x0000000712200000, 0x0000000712300000|  0%| F|  |TAMS 0x0000000712200000, 0x0000000712200000| Untracked 
| 123|0x0000000712300000, 0x0000000712300000, 0x0000000712400000|  0%| F|  |TAMS 0x0000000712300000, 0x0000000712300000| Untracked 
| 124|0x0000000712400000, 0x0000000712400000, 0x0000000712500000|  0%| F|  |TAMS 0x0000000712400000, 0x0000000712400000| Untracked 
| 125|0x0000000712500000, 0x0000000712500000, 0x0000000712600000|  0%| F|  |TAMS 0x0000000712500000, 0x0000000712500000| Untracked 
| 126|0x0000000712600000, 0x0000000712600000, 0x0000000712700000|  0%| F|  |TAMS 0x0000000712600000, 0x0000000712600000| Untracked 
| 127|0x0000000712700000, 0x0000000712700000, 0x0000000712800000|  0%| F|  |TAMS 0x0000000712700000, 0x0000000712700000| Untracked 
| 128|0x0000000712800000, 0x0000000712800000, 0x0000000712900000|  0%| F|  |TAMS 0x0000000712800000, 0x0000000712800000| Untracked 
| 129|0x0000000712900000, 0x0000000712900000, 0x0000000712a00000|  0%| F|  |TAMS 0x0000000712900000, 0x0000000712900000| Untracked 
| 130|0x0000000712a00000, 0x0000000712a00000, 0x0000000712b00000|  0%| F|  |TAMS 0x0000000712a00000, 0x0000000712a00000| Untracked 
| 131|0x0000000712b00000, 0x0000000712b00000, 0x0000000712c00000|  0%| F|  |TAMS 0x0000000712b00000, 0x0000000712b00000| Untracked 
| 132|0x0000000712c00000, 0x0000000712c00000, 0x0000000712d00000|  0%| F|  |TAMS 0x0000000712c00000, 0x0000000712c00000| Untracked 
| 133|0x0000000712d00000, 0x0000000712d00000, 0x0000000712e00000|  0%| F|  |TAMS 0x0000000712d00000, 0x0000000712d00000| Untracked 
| 134|0x0000000712e00000, 0x0000000712e00000, 0x0000000712f00000|  0%| F|  |TAMS 0x0000000712e00000, 0x0000000712e00000| Untracked 
| 135|0x0000000712f00000, 0x0000000712f00000, 0x0000000713000000|  0%| F|  |TAMS 0x0000000712f00000, 0x0000000712f00000| Untracked 
| 136|0x0000000713000000, 0x0000000713000000, 0x0000000713100000|  0%| F|  |TAMS 0x0000000713000000, 0x0000000713000000| Untracked 
| 137|0x0000000713100000, 0x0000000713100000, 0x0000000713200000|  0%| F|  |TAMS 0x0000000713100000, 0x0000000713100000| Untracked 
| 138|0x0000000713200000, 0x0000000713200000, 0x0000000713300000|  0%| F|  |TAMS 0x0000000713200000, 0x0000000713200000| Untracked 
| 139|0x0000000713300000, 0x0000000713300000, 0x0000000713400000|  0%| F|  |TAMS 0x0000000713300000, 0x0000000713300000| Untracked 
| 140|0x0000000713400000, 0x0000000713400000, 0x0000000713500000|  0%| F|  |TAMS 0x0000000713400000, 0x0000000713400000| Untracked 
| 141|0x0000000713500000, 0x0000000713500000, 0x0000000713600000|  0%| F|  |TAMS 0x0000000713500000, 0x0000000713500000| Untracked 
| 142|0x0000000713600000, 0x0000000713600000, 0x0000000713700000|  0%| F|  |TAMS 0x0000000713600000, 0x0000000713600000| Untracked 
| 143|0x0000000713700000, 0x0000000713700000, 0x0000000713800000|  0%| F|  |TAMS 0x0000000713700000, 0x0000000713700000| Untracked 
| 144|0x0000000713800000, 0x0000000713800000, 0x0000000713900000|  0%| F|  |TAMS 0x0000000713800000, 0x0000000713800000| Untracked 
| 145|0x0000000713900000, 0x0000000713900000, 0x0000000713a00000|  0%| F|  |TAMS 0x0000000713900000, 0x0000000713900000| Untracked 
| 146|0x0000000713a00000, 0x0000000713a00000, 0x0000000713b00000|  0%| F|  |TAMS 0x0000000713a00000, 0x0000000713a00000| Untracked 
| 147|0x0000000713b00000, 0x0000000713b00000, 0x0000000713c00000|  0%| F|  |TAMS 0x0000000713b00000, 0x0000000713b00000| Untracked 
| 148|0x0000000713c00000, 0x0000000713c00000, 0x0000000713d00000|  0%| F|  |TAMS 0x0000000713c00000, 0x0000000713c00000| Untracked 
| 149|0x0000000713d00000, 0x0000000713d00000, 0x0000000713e00000|  0%| F|  |TAMS 0x0000000713d00000, 0x0000000713d00000| Untracked 
| 150|0x0000000713e00000, 0x0000000713e00000, 0x0000000713f00000|  0%| F|  |TAMS 0x0000000713e00000, 0x0000000713e00000| Untracked 
| 151|0x0000000713f00000, 0x0000000713f00000, 0x0000000714000000|  0%| F|  |TAMS 0x0000000713f00000, 0x0000000713f00000| Untracked 
| 152|0x0000000714000000, 0x0000000714000000, 0x0000000714100000|  0%| F|  |TAMS 0x0000000714000000, 0x0000000714000000| Untracked 
| 153|0x0000000714100000, 0x0000000714100000, 0x0000000714200000|  0%| F|  |TAMS 0x0000000714100000, 0x0000000714100000| Untracked 
| 154|0x0000000714200000, 0x0000000714200000, 0x0000000714300000|  0%| F|  |TAMS 0x0000000714200000, 0x0000000714200000| Untracked 
| 155|0x0000000714300000, 0x0000000714300000, 0x0000000714400000|  0%| F|  |TAMS 0x0000000714300000, 0x0000000714300000| Untracked 
| 156|0x0000000714400000, 0x0000000714400000, 0x0000000714500000|  0%| F|  |TAMS 0x0000000714400000, 0x0000000714400000| Untracked 
| 157|0x0000000714500000, 0x0000000714500000, 0x0000000714600000|  0%| F|  |TAMS 0x0000000714500000, 0x0000000714500000| Untracked 
| 158|0x0000000714600000, 0x0000000714600000, 0x0000000714700000|  0%| F|  |TAMS 0x0000000714600000, 0x0000000714600000| Untracked 
| 159|0x0000000714700000, 0x0000000714700000, 0x0000000714800000|  0%| F|  |TAMS 0x0000000714700000, 0x0000000714700000| Untracked 
| 160|0x0000000714800000, 0x0000000714800000, 0x0000000714900000|  0%| F|  |TAMS 0x0000000714800000, 0x0000000714800000| Untracked 
| 161|0x0000000714900000, 0x0000000714900000, 0x0000000714a00000|  0%| F|  |TAMS 0x0000000714900000, 0x0000000714900000| Untracked 
| 162|0x0000000714a00000, 0x0000000714a00000, 0x0000000714b00000|  0%| F|  |TAMS 0x0000000714a00000, 0x0000000714a00000| Untracked 
| 163|0x0000000714b00000, 0x0000000714b00000, 0x0000000714c00000|  0%| F|  |TAMS 0x0000000714b00000, 0x0000000714b00000| Untracked 
| 164|0x0000000714c00000, 0x0000000714c00000, 0x0000000714d00000|  0%| F|  |TAMS 0x0000000714c00000, 0x0000000714c00000| Untracked 
| 165|0x0000000714d00000, 0x0000000714d00000, 0x0000000714e00000|  0%| F|  |TAMS 0x0000000714d00000, 0x0000000714d00000| Untracked 
| 166|0x0000000714e00000, 0x0000000714e00000, 0x0000000714f00000|  0%| F|  |TAMS 0x0000000714e00000, 0x0000000714e00000| Untracked 
| 167|0x0000000714f00000, 0x0000000714f00000, 0x0000000715000000|  0%| F|  |TAMS 0x0000000714f00000, 0x0000000714f00000| Untracked 
| 168|0x0000000715000000, 0x0000000715000000, 0x0000000715100000|  0%| F|  |TAMS 0x0000000715000000, 0x0000000715000000| Untracked 
| 169|0x0000000715100000, 0x0000000715100000, 0x0000000715200000|  0%| F|  |TAMS 0x0000000715100000, 0x0000000715100000| Untracked 
| 170|0x0000000715200000, 0x0000000715200000, 0x0000000715300000|  0%| F|  |TAMS 0x0000000715200000, 0x0000000715200000| Untracked 
| 171|0x0000000715300000, 0x0000000715300000, 0x0000000715400000|  0%| F|  |TAMS 0x0000000715300000, 0x0000000715300000| Untracked 
| 172|0x0000000715400000, 0x0000000715400000, 0x0000000715500000|  0%| F|  |TAMS 0x0000000715400000, 0x0000000715400000| Untracked 
| 173|0x0000000715500000, 0x0000000715500000, 0x0000000715600000|  0%| F|  |TAMS 0x0000000715500000, 0x0000000715500000| Untracked 
| 174|0x0000000715600000, 0x0000000715600000, 0x0000000715700000|  0%| F|  |TAMS 0x0000000715600000, 0x0000000715600000| Untracked 
| 175|0x0000000715700000, 0x0000000715700000, 0x0000000715800000|  0%| F|  |TAMS 0x0000000715700000, 0x0000000715700000| Untracked 
| 176|0x0000000715800000, 0x0000000715800000, 0x0000000715900000|  0%| F|  |TAMS 0x0000000715800000, 0x0000000715800000| Untracked 
| 177|0x0000000715900000, 0x0000000715900000, 0x0000000715a00000|  0%| F|  |TAMS 0x0000000715900000, 0x0000000715900000| Untracked 
| 178|0x0000000715a00000, 0x0000000715a00000, 0x0000000715b00000|  0%| F|  |TAMS 0x0000000715a00000, 0x0000000715a00000| Untracked 
| 179|0x0000000715b00000, 0x0000000715b00000, 0x0000000715c00000|  0%| F|  |TAMS 0x0000000715b00000, 0x0000000715b00000| Untracked 
| 180|0x0000000715c00000, 0x0000000715c00000, 0x0000000715d00000|  0%| F|  |TAMS 0x0000000715c00000, 0x0000000715c00000| Untracked 
| 181|0x0000000715d00000, 0x0000000715d00000, 0x0000000715e00000|  0%| F|  |TAMS 0x0000000715d00000, 0x0000000715d00000| Untracked 
| 182|0x0000000715e00000, 0x0000000715e00000, 0x0000000715f00000|  0%| F|  |TAMS 0x0000000715e00000, 0x0000000715e00000| Untracked 
| 183|0x0000000715f00000, 0x0000000715f00000, 0x0000000716000000|  0%| F|  |TAMS 0x0000000715f00000, 0x0000000715f00000| Untracked 
| 184|0x0000000716000000, 0x0000000716000000, 0x0000000716100000|  0%| F|  |TAMS 0x0000000716000000, 0x0000000716000000| Untracked 
| 185|0x0000000716100000, 0x0000000716100000, 0x0000000716200000|  0%| F|  |TAMS 0x0000000716100000, 0x0000000716100000| Untracked 
| 186|0x0000000716200000, 0x0000000716200000, 0x0000000716300000|  0%| F|  |TAMS 0x0000000716200000, 0x0000000716200000| Untracked 
| 187|0x0000000716300000, 0x0000000716300000, 0x0000000716400000|  0%| F|  |TAMS 0x0000000716300000, 0x0000000716300000| Untracked 
| 188|0x0000000716400000, 0x0000000716400000, 0x0000000716500000|  0%| F|  |TAMS 0x0000000716400000, 0x0000000716400000| Untracked 
| 189|0x0000000716500000, 0x0000000716500000, 0x0000000716600000|  0%| F|  |TAMS 0x0000000716500000, 0x0000000716500000| Untracked 
| 190|0x0000000716600000, 0x0000000716600000, 0x0000000716700000|  0%| F|  |TAMS 0x0000000716600000, 0x0000000716600000| Untracked 
| 191|0x0000000716700000, 0x0000000716700000, 0x0000000716800000|  0%| F|  |TAMS 0x0000000716700000, 0x0000000716700000| Untracked 
| 192|0x0000000716800000, 0x0000000716800000, 0x0000000716900000|  0%| F|  |TAMS 0x0000000716800000, 0x0000000716800000| Untracked 
| 193|0x0000000716900000, 0x0000000716900000, 0x0000000716a00000|  0%| F|  |TAMS 0x0000000716900000, 0x0000000716900000| Untracked 
| 194|0x0000000716a00000, 0x0000000716a00000, 0x0000000716b00000|  0%| F|  |TAMS 0x0000000716a00000, 0x0000000716a00000| Untracked 
| 195|0x0000000716b00000, 0x0000000716b00000, 0x0000000716c00000|  0%| F|  |TAMS 0x0000000716b00000, 0x0000000716b00000| Untracked 
| 196|0x0000000716c00000, 0x0000000716c00000, 0x0000000716d00000|  0%| F|  |TAMS 0x0000000716c00000, 0x0000000716c00000| Untracked 
| 197|0x0000000716d00000, 0x0000000716d00000, 0x0000000716e00000|  0%| F|  |TAMS 0x0000000716d00000, 0x0000000716d00000| Untracked 
| 198|0x0000000716e00000, 0x0000000716e00000, 0x0000000716f00000|  0%| F|  |TAMS 0x0000000716e00000, 0x0000000716e00000| Untracked 
| 199|0x0000000716f00000, 0x0000000716f00000, 0x0000000717000000|  0%| F|  |TAMS 0x0000000716f00000, 0x0000000716f00000| Untracked 
| 200|0x0000000717000000, 0x0000000717000000, 0x0000000717100000|  0%| F|  |TAMS 0x0000000717000000, 0x0000000717000000| Untracked 
| 201|0x0000000717100000, 0x0000000717100000, 0x0000000717200000|  0%| F|  |TAMS 0x0000000717100000, 0x0000000717100000| Untracked 
| 202|0x0000000717200000, 0x0000000717200000, 0x0000000717300000|  0%| F|  |TAMS 0x0000000717200000, 0x0000000717200000| Untracked 
| 203|0x0000000717300000, 0x0000000717300000, 0x0000000717400000|  0%| F|  |TAMS 0x0000000717300000, 0x0000000717300000| Untracked 
| 204|0x0000000717400000, 0x0000000717400000, 0x0000000717500000|  0%| F|  |TAMS 0x0000000717400000, 0x0000000717400000| Untracked 
| 205|0x0000000717500000, 0x0000000717500000, 0x0000000717600000|  0%| F|  |TAMS 0x0000000717500000, 0x0000000717500000| Untracked 
| 206|0x0000000717600000, 0x00000007176ca580, 0x0000000717700000| 79%| S|  |TAMS 0x0000000717600000, 0x0000000717600000| Complete 
| 207|0x0000000717700000, 0x0000000717800000, 0x0000000717800000|100%| S|  |TAMS 0x0000000717700000, 0x0000000717700000| Complete 
| 208|0x0000000717800000, 0x0000000717900000, 0x0000000717900000|100%| S|  |TAMS 0x0000000717800000, 0x0000000717800000| Complete 
| 209|0x0000000717900000, 0x0000000717a00000, 0x0000000717a00000|100%| S|  |TAMS 0x0000000717900000, 0x0000000717900000| Complete 
| 210|0x0000000717a00000, 0x0000000717b00000, 0x0000000717b00000|100%| S|  |TAMS 0x0000000717a00000, 0x0000000717a00000| Complete 
| 211|0x0000000717b00000, 0x0000000717c00000, 0x0000000717c00000|100%| S|  |TAMS 0x0000000717b00000, 0x0000000717b00000| Complete 
| 212|0x0000000717c00000, 0x0000000717c80a08, 0x0000000717d00000| 50%| E|CS|TAMS 0x0000000717c00000, 0x0000000717c80a08| Complete 
| 213|0x0000000717d00000, 0x0000000717e00000, 0x0000000717e00000|100%| E|CS|TAMS 0x0000000717d00000, 0x0000000717e00000| Complete 
| 214|0x0000000717e00000, 0x0000000717f00000, 0x0000000717f00000|100%| E|CS|TAMS 0x0000000717e00000, 0x0000000717f00000| Complete 
| 215|0x0000000717f00000, 0x0000000718000000, 0x0000000718000000|100%| E|CS|TAMS 0x0000000717f00000, 0x0000000718000000| Complete 
| 216|0x0000000718000000, 0x0000000718100000, 0x0000000718100000|100%| E|CS|TAMS 0x0000000718000000, 0x0000000718100000| Complete 
| 217|0x0000000718100000, 0x0000000718200000, 0x0000000718200000|100%| E|CS|TAMS 0x0000000718100000, 0x0000000718200000| Complete 
| 218|0x0000000718200000, 0x0000000718300000, 0x0000000718300000|100%| E|CS|TAMS 0x0000000718200000, 0x0000000718300000| Complete 
| 219|0x0000000718300000, 0x000000071839c7f0, 0x0000000718400000| 61%| E|CS|TAMS 0x0000000718300000, 0x000000071839c7f0| Complete 
| 220|0x0000000718400000, 0x0000000718500000, 0x0000000718500000|100%| E|CS|TAMS 0x0000000718400000, 0x0000000718500000| Complete 
| 221|0x0000000718500000, 0x0000000718600000, 0x0000000718600000|100%| E|CS|TAMS 0x0000000718500000, 0x0000000718600000| Complete 
| 222|0x0000000718600000, 0x0000000718700000, 0x0000000718700000|100%| E|CS|TAMS 0x0000000718600000, 0x0000000718700000| Complete 
| 223|0x0000000718700000, 0x0000000718800000, 0x0000000718800000|100%| E|CS|TAMS 0x0000000718700000, 0x0000000718800000| Complete 
| 224|0x0000000718800000, 0x0000000718900000, 0x0000000718900000|100%| E|CS|TAMS 0x0000000718800000, 0x0000000718900000| Complete 
| 225|0x0000000718900000, 0x0000000718a00000, 0x0000000718a00000|100%| E|CS|TAMS 0x0000000718900000, 0x0000000718a00000| Complete 
| 226|0x0000000718a00000, 0x0000000718b00000, 0x0000000718b00000|100%| E|CS|TAMS 0x0000000718a00000, 0x0000000718b00000| Complete 
| 227|0x0000000718b00000, 0x0000000718c00000, 0x0000000718c00000|100%| E|CS|TAMS 0x0000000718b00000, 0x0000000718c00000| Complete 
| 228|0x0000000718c00000, 0x0000000718d00000, 0x0000000718d00000|100%| E|CS|TAMS 0x0000000718c00000, 0x0000000718d00000| Complete 
| 229|0x0000000718d00000, 0x0000000718e00000, 0x0000000718e00000|100%| E|CS|TAMS 0x0000000718d00000, 0x0000000718e00000| Complete 
| 230|0x0000000718e00000, 0x0000000718f00000, 0x0000000718f00000|100%| E|CS|TAMS 0x0000000718e00000, 0x0000000718f00000| Complete 
| 231|0x0000000718f00000, 0x0000000719000000, 0x0000000719000000|100%| E|CS|TAMS 0x0000000718f00000, 0x0000000719000000| Complete 
| 232|0x0000000719000000, 0x0000000719100000, 0x0000000719100000|100%| E|CS|TAMS 0x0000000719000000, 0x0000000719100000| Complete 
| 233|0x0000000719100000, 0x0000000719200000, 0x0000000719200000|100%| E|CS|TAMS 0x0000000719100000, 0x0000000719200000| Complete 
| 234|0x0000000719200000, 0x0000000719300000, 0x0000000719300000|100%| E|CS|TAMS 0x0000000719200000, 0x0000000719300000| Complete 
| 235|0x0000000719300000, 0x0000000719400000, 0x0000000719400000|100%| E|CS|TAMS 0x0000000719300000, 0x0000000719400000| Complete 
| 236|0x0000000719400000, 0x0000000719500000, 0x0000000719500000|100%| E|CS|TAMS 0x0000000719400000, 0x0000000719500000| Complete 
| 237|0x0000000719500000, 0x0000000719600000, 0x0000000719600000|100%| E|CS|TAMS 0x0000000719500000, 0x0000000719600000| Complete 
| 238|0x0000000719600000, 0x0000000719700000, 0x0000000719700000|100%| E|CS|TAMS 0x0000000719600000, 0x0000000719700000| Complete 
| 239|0x0000000719700000, 0x0000000719800000, 0x0000000719800000|100%| E|CS|TAMS 0x0000000719700000, 0x0000000719800000| Complete 
| 240|0x0000000719800000, 0x0000000719900000, 0x0000000719900000|100%| E|CS|TAMS 0x0000000719800000, 0x0000000719900000| Complete 
| 241|0x0000000719900000, 0x0000000719a00000, 0x0000000719a00000|100%| F|  |TAMS 0x0000000719900000, 0x0000000719900000| Complete 
| 242|0x0000000719a00000, 0x0000000719a00000, 0x0000000719b00000|  0%| F|  |TAMS 0x0000000719a00000, 0x0000000719a00000| Complete 
| 243|0x0000000719b00000, 0x0000000719b00000, 0x0000000719c00000|  0%| F|  |TAMS 0x0000000719b00000, 0x0000000719b00000| Complete 
| 244|0x0000000719c00000, 0x0000000719c00000, 0x0000000719d00000|  0%| F|  |TAMS 0x0000000719c00000, 0x0000000719c00000| Complete 
| 245|0x0000000719d00000, 0x0000000719d00000, 0x0000000719e00000|  0%| F|  |TAMS 0x0000000719d00000, 0x0000000719d00000| Complete 

Card table byte_map: [0x0000022d64020000,0x0000022d647d0000] _byte_map_base: 0x0000022d607cc000

Marking Bits (Prev, Next): (CMBitMap*) 0x0000022d4e5d3bb8, (CMBitMap*) 0x0000022d4e5d3bf0
 Prev Bits: [0x0000022d64f80000, 0x0000022d68ce0000)
 Next Bits: [0x0000022d68ce0000, 0x0000022d6ca40000)

Polling page: 0x0000022d4e650000

Metaspace:

Usage:
  Non-class:     16.47 MB capacity,    16.37 MB (>99%) used,    91.06 KB ( <1%) free+waste,    21.06 KB ( <1%) overhead. 
      Class:      1.95 MB capacity,     1.85 MB ( 95%) used,    86.43 KB (  4%) free+waste,     9.19 KB ( <1%) overhead. 
       Both:     18.42 MB capacity,    18.22 MB ( 99%) used,   177.49 KB ( <1%) free+waste,    30.25 KB ( <1%) overhead. 

Virtual space:
  Non-class space:       24.00 MB reserved,      16.75 MB ( 70%) committed 
      Class space:        1.00 GB reserved,       2.00 MB ( <1%) committed 
             Both:        1.02 GB reserved,      18.75 MB (  2%) committed 

Chunk freelists:
   Non-Class:  26.00 KB
       Class:  21.00 KB
        Both:  47.00 KB

MaxMetaspaceSize: 17179869184.00 GB
CompressedClassSpaceSize: 1.00 GB
Initial GC threshold: 20.80 MB
Current GC threshold: 21.12 MB
CDS: off

CodeHeap 'non-profiled nmethods': size=119168Kb used=523Kb max_used=523Kb free=118644Kb
 bounds [0x0000022d5b460000, 0x0000022d5b6d0000, 0x0000022d628c0000]
CodeHeap 'profiled nmethods': size=119168Kb used=4061Kb max_used=4061Kb free=115106Kb
 bounds [0x0000022d54000000, 0x0000022d54400000, 0x0000022d5b460000]
CodeHeap 'non-nmethods': size=7424Kb used=2880Kb max_used=2894Kb free=4543Kb
 bounds [0x0000022d538c0000, 0x0000022d53ba0000, 0x0000022d54000000]
 total_blobs=2362 nmethods=1909 adapters=362
 compilation: enabled
              stopped_count=0, restarted_count=0
 full_count=0

Compilation events (20 events):
Event: 0.815 Thread 0x0000022d70ba0000 nmethod 1895 0x0000022d543e9990 code [0x0000022d543e9bc0, 0x0000022d543ea298]
Event: 0.815 Thread 0x0000022d70ba0000 1900       3       java.net.URI::match (56 bytes)
Event: 0.815 Thread 0x0000022d70ba0000 nmethod 1900 0x0000022d543ea510 code [0x0000022d543ea6c0, 0x0000022d543ea978]
Event: 0.815 Thread 0x0000022d70420800 nmethod 1894 0x0000022d543eaa10 code [0x0000022d543ead40, 0x0000022d543ebdd8]
Event: 0.815 Thread 0x0000022d70443000 nmethod 1890 0x0000022d543ec410 code [0x0000022d543ec700, 0x0000022d543ed7d8]
Event: 0.819 Thread 0x0000022d7064a800 nmethod 1899 0x0000022d5b4dec90 code [0x0000022d5b4dee20, 0x0000022d5b4defd8]
Event: 0.821 Thread 0x0000022d6fb9b800 nmethod 1871% 0x0000022d5b4df190 code [0x0000022d5b4df360, 0x0000022d5b4e0828]
Event: 0.825 Thread 0x0000022d7064b800 1902       4       java.lang.String::startsWith (7 bytes)
Event: 0.825 Thread 0x0000022d70ba1000 1903   !   3       java.net.URL::<init> (543 bytes)
Event: 0.827 Thread 0x0000022d7064b800 nmethod 1902 0x0000022d5b4e1010 code [0x0000022d5b4e11a0, 0x0000022d5b4e1378]
Event: 0.828 Thread 0x0000022d7064a800 1904       4       java.lang.String::indexOf (29 bytes)
Event: 0.829 Thread 0x0000022d70ba0000 1906       3       java.lang.invoke.MemberName::checkForTypeAlias (168 bytes)
Event: 0.830 Thread 0x0000022d70ba1000 nmethod 1903 0x0000022d543edd90 code [0x0000022d543ee460, 0x0000022d543f20c8]
Event: 0.831 Thread 0x0000022d70ba0000 nmethod 1906 0x0000022d543f4290 code [0x0000022d543f4740, 0x0000022d543f69f8]
Event: 0.832 Thread 0x0000022d7064a800 nmethod 1904 0x0000022d5b4e1810 code [0x0000022d5b4e19a0, 0x0000022d5b4e1b98]
Event: 0.833 Thread 0x0000022d6fb9b800 1907  s!   4       jdk.internal.loader.URLClassPath::getLoader (194 bytes)
Event: 0.833 Thread 0x0000022d7064b800 1908   !   4       jdk.internal.loader.URLClassPath$JarLoader::ensureOpen (36 bytes)
Event: 0.834 Thread 0x0000022d7064b800 nmethod 1908 0x0000022d5b4e1d10 code [0x0000022d5b4e1ea0, 0x0000022d5b4e1f18]
Event: 0.836 Thread 0x0000022d7064a800 1909       4       java.util.jar.JarFile::getEntry (22 bytes)
Event: 0.837 Thread 0x0000022d6fb9b800 nmethod 1907 0x0000022d5b4e2010 code [0x0000022d5b4e21e0, 0x0000022d5b4e2a28]

GC Heap History (2 events):
Event: 0.434 GC heap before
{Heap before GC invocations=0 (full 0):
 garbage-first heap   total 251904K, used 28672K [0x000000070a800000, 0x0000000800000000)
  region size 1024K, 24 young (24576K), 0 survivors (0K)
 Metaspace       used 12124K, capacity 12280K, committed 12544K, reserved 1060864K
  class space    used 1115K, capacity 1175K, committed 1280K, reserved 1048576K
}
Event: 0.437 GC heap after
{Heap after GC invocations=1 (full 0):
 garbage-first heap   total 251904K, used 6769K [0x000000070a800000, 0x0000000800000000)
  region size 1024K, 3 young (3072K), 3 survivors (3072K)
 Metaspace       used 12124K, capacity 12280K, committed 12544K, reserved 1060864K
  class space    used 1115K, capacity 1175K, committed 1280K, reserved 1048576K
}

Deoptimization events (20 events):
Event: 0.525 Thread 0x0000022d4e571000 DEOPT PACKING pc=0x0000022d5b4963f8 sp=0x000000d4971fbcb0
Event: 0.525 Thread 0x0000022d4e571000 DEOPT UNPACKING pc=0x0000022d5390a1af sp=0x000000d4971fbb98 mode 2
Event: 0.581 Thread 0x0000022d4e571000 Uncommon trap: trap_request=0xffffff4d fr.pc=0x0000022d5b49bbe8 relative=0x00000000000005a8
Event: 0.581 Thread 0x0000022d4e571000 Uncommon trap: reason=unstable_if action=reinterpret pc=0x0000022d5b49bbe8 method=java.util.ArrayList.newCapacity(I)I @ 25 c2
Event: 0.581 Thread 0x0000022d4e571000 DEOPT PACKING pc=0x0000022d5b49bbe8 sp=0x000000d4971fd9a0
Event: 0.581 Thread 0x0000022d4e571000 DEOPT UNPACKING pc=0x0000022d5390a1af sp=0x000000d4971fd7c0 mode 2
Event: 0.610 Thread 0x0000022d4e571000 Uncommon trap: trap_request=0xffffffc6 fr.pc=0x0000022d5b4963f8 relative=0x00000000000004f8
Event: 0.610 Thread 0x0000022d4e571000 Uncommon trap: reason=bimorphic_or_optimized_type_check action=maybe_recompile pc=0x0000022d5b4963f8 method=kotlin.reflect.jvm.internal.impl.protobuf.CodedInputStream.tryRefillBuffer(I)Z @ 175 c2
Event: 0.610 Thread 0x0000022d4e571000 DEOPT PACKING pc=0x0000022d5b4963f8 sp=0x000000d4971fb960
Event: 0.610 Thread 0x0000022d4e571000 DEOPT UNPACKING pc=0x0000022d5390a1af sp=0x000000d4971fb848 mode 2
Event: 0.655 Thread 0x0000022d4e571000 Uncommon trap: trap_request=0xffffff4d fr.pc=0x0000022d5b485508 relative=0x0000000000000248
Event: 0.655 Thread 0x0000022d4e571000 Uncommon trap: reason=unstable_if action=reinterpret pc=0x0000022d5b485508 method=java.lang.String.startsWith(Ljava/lang/String;I)Z @ 14 c2
Event: 0.655 Thread 0x0000022d4e571000 DEOPT PACKING pc=0x0000022d5b485508 sp=0x000000d4971fcb10
Event: 0.655 Thread 0x0000022d4e571000 DEOPT UNPACKING pc=0x0000022d5390a1af sp=0x000000d4971fca78 mode 2
Event: 0.708 Thread 0x0000022d4e571000 DEOPT PACKING pc=0x0000022d543265cc sp=0x000000d4971fdcf0
Event: 0.708 Thread 0x0000022d4e571000 DEOPT UNPACKING pc=0x0000022d5390a95e sp=0x000000d4971fd2d0 mode 0
Event: 0.756 Thread 0x0000022d4e571000 Uncommon trap: trap_request=0xffffff4d fr.pc=0x0000022d5b49fa0c relative=0x00000000000000cc
Event: 0.756 Thread 0x0000022d4e571000 Uncommon trap: reason=unstable_if action=reinterpret pc=0x0000022d5b49fa0c method=java.lang.Integer.valueOf(I)Ljava/lang/Integer; @ 3 c2
Event: 0.756 Thread 0x0000022d4e571000 DEOPT PACKING pc=0x0000022d5b49fa0c sp=0x000000d4971fc940
Event: 0.756 Thread 0x0000022d4e571000 DEOPT UNPACKING pc=0x0000022d5390a1af sp=0x000000d4971fc8d8 mode 2

Classes redefined (0 events):
No events

Internal exceptions (10 events):
Event: 0.741 Thread 0x0000022d4e571000 Exception <a 'java/lang/NoSuchMethodError'{0x0000000718648a10}: 'int java.lang.invoke.DelegatingMethodHandle$Holder.reinvoke_L(java.lang.Object, java.lang.Object, java.lang.Object, long, int, int)'> (0x0000000718648a10) thrown at [src/hotspot/share/interpreter/linkResolver.cpp, line 773]
Event: 0.742 Thread 0x0000022d4e571000 Exception <a 'java/lang/NoSuchMethodError'{0x0000000718656398}: 'int java.lang.invoke.DelegatingMethodHandle$Holder.reinvoke_L(java.lang.Object, java.lang.Object, java.lang.Object, long, long, long)'> (0x0000000718656398) thrown at [src/hotspot/share/interpreter/linkResolver.cpp, line 773]
Event: 0.743 Thread 0x0000022d4e571000 Exception <a 'java/lang/NoSuchMethodError'{0x0000000718663550}: 'int java.lang.invoke.DelegatingMethodHandle$Holder.reinvoke_L(java.lang.Object, java.lang.Object, java.lang.Object, long, java.lang.Object, java.lang.Object)'> (0x0000000718663550) thrown at [src/hotspot/share/interpreter/linkResolver.cpp, line 773]
Event: 0.744 Thread 0x0000022d4e571000 Exception <a 'java/lang/NoSuchMethodError'{0x00000007186709b8}: 'void java.lang.invoke.DelegatingMethodHandle$Holder.reinvoke_L(java.lang.Object, java.lang.Object, java.lang.Object, long, java.lang.Object)'> (0x00000007186709b8) thrown at [src/hotspot/share/interpreter/linkResolver.cpp, line 773]
Event: 0.744 Thread 0x0000022d4e571000 Exception <a 'java/lang/NoSuchMethodError'{0x000000071867a238}: 'java.lang.Object java.lang.invoke.DirectMethodHandle$Holder.invokeSpecial(java.lang.Object, java.lang.Object, java.lang.Object, java.lang.Object, long)'> (0x000000071867a238) thrown at [src/hotspot/share/interpreter/linkResolver.cpp, line 773]
Event: 0.745 Thread 0x0000022d4e571000 Exception <a 'java/lang/NoSuchMethodError'{0x000000071867d790}: 'java.lang.Object java.lang.invoke.DelegatingMethodHandle$Holder.reinvoke_L(java.lang.Object, java.lang.Object, java.lang.Object, long)'> (0x000000071867d790) thrown at [src/hotspot/share/interpreter/linkResolver.cpp, line 773]
Event: 0.747 Thread 0x0000022d4e571000 Exception <a 'java/lang/NoSuchMethodError'{0x00000007182102a8}: 'long java.lang.invoke.Invokers$Holder.invoke_MT(java.lang.Object, java.lang.Object, java.lang.Object, java.lang.Object)'> (0x00000007182102a8) thrown at [src/hotspot/share/interpreter/linkResolver.cpp, line 773]
Event: 0.747 Thread 0x0000022d4e571000 Exception <a 'java/lang/NoSuchMethodError'{0x0000000718213928}: 'long java.lang.invoke.DelegatingMethodHandle$Holder.reinvoke_L(java.lang.Object, java.lang.Object, java.lang.Object)'> (0x0000000718213928) thrown at [src/hotspot/share/interpreter/linkResolver.cpp, line 773]
Event: 0.748 Thread 0x0000022d4e571000 Exception <a 'java/lang/NoSuchMethodError'{0x000000071821d5e8}: 'int java.lang.invoke.DirectMethodHandle$Holder.invokeSpecial(java.lang.Object, java.lang.Object, java.lang.Object, java.lang.Object)'> (0x000000071821d5e8) thrown at [src/hotspot/share/interpreter/linkResolver.cpp, line 773]
Event: 0.750 Thread 0x0000022d4e571000 Exception <a 'java/lang/NoSuchMethodError'{0x000000071822c438}: 'int java.lang.invoke.DelegatingMethodHandle$Holder.reinvoke_L(java.lang.Object, java.lang.Object, java.lang.Object, long, int)'> (0x000000071822c438) thrown at [src/hotspot/share/interpreter/linkResolver.cpp, line 773]

Events (20 events):
Event: 0.850 loading class org/jetbrains/kotlin/builtins/PrimitiveType
Event: 0.850 loading class org/jetbrains/kotlin/builtins/PrimitiveType done
Event: 0.850 loading class org/jetbrains/kotlin/builtins/PrimitiveType$typeFqName$2
Event: 0.850 loading class org/jetbrains/kotlin/builtins/PrimitiveType$typeFqName$2 done
Event: 0.850 loading class org/jetbrains/kotlin/builtins/PrimitiveType$arrayTypeFqName$2
Event: 0.850 loading class org/jetbrains/kotlin/builtins/PrimitiveType$arrayTypeFqName$2 done
Event: 0.851 loading class org/jetbrains/kotlin/builtins/PrimitiveType$Companion
Event: 0.851 loading class org/jetbrains/kotlin/builtins/PrimitiveType$Companion done
Event: 0.851 loading class org/jetbrains/kotlin/builtins/UnsignedType
Event: 0.851 loading class org/jetbrains/kotlin/builtins/UnsignedType done
Event: 0.851 loading class org/jetbrains/kotlin/name/ClassId
Event: 0.851 loading class org/jetbrains/kotlin/name/ClassId done
Event: 0.851 loading class org/jetbrains/kotlin/util/capitalizeDecapitalize/CapitalizeDecapitalizeKt
Event: 0.851 loading class org/jetbrains/kotlin/util/capitalizeDecapitalize/CapitalizeDecapitalizeKt done
Event: 0.852 loading class org/jetbrains/kotlin/backend/jvm/lower/JvmLateinitLoweringKt
Event: 0.852 loading class org/jetbrains/kotlin/backend/jvm/lower/JvmLateinitLoweringKt done
Event: 0.852 loading class org/jetbrains/kotlin/backend/jvm/lower/JvmLateinitLoweringKt$jvmLateinitLowering$1
Event: 0.852 loading class org/jetbrains/kotlin/backend/jvm/lower/JvmLateinitLoweringKt$jvmLateinitLowering$1 done
Event: 0.852 loading class org/jetbrains/kotlin/backend/jvm/lower/SuspendLambdaLoweringKt
Event: 0.852 loading class org/jetbrains/kotlin/backend/jvm/lower/SuspendLambdaLoweringKt done


Dynamic libraries:
0x00007ff74ad70000 - 0x00007ff74ad7a000 	C:\Program Files\Android\Android Studio\jbr\bin\java.exe
0x00007ffde3c90000 - 0x00007ffde3e88000 	C:\Windows\SYSTEM32\ntdll.dll
0x00007ffde1d90000 - 0x00007ffde1e4f000 	C:\Windows\System32\KERNEL32.DLL
0x00007ffde15b0000 - 0x00007ffde188a000 	C:\Windows\System32\KERNELBASE.dll
0x00007ffde1bf0000 - 0x00007ffde1cf0000 	C:\Windows\System32\ucrtbase.dll
0x00007ffdc0920000 - 0x00007ffdc0937000 	C:\Program Files\Android\Android Studio\jbr\bin\jli.dll
0x00007ffdc1a80000 - 0x00007ffdc1a9b000 	C:\Program Files\Android\Android Studio\jbr\bin\VCRUNTIME140.dll
0x00007ffde22c0000 - 0x00007ffde245d000 	C:\Windows\System32\USER32.dll
0x00007ffde19e0000 - 0x00007ffde1a02000 	C:\Windows\System32\win32u.dll
0x00007ffdce8e0000 - 0x00007ffdceb7a000 	C:\Windows\WinSxS\amd64_microsoft.windows.common-controls_6595b64144ccf1df_6.0.19041.1110_none_60b5254171f9507e\COMCTL32.dll
0x00007ffde1cf0000 - 0x00007ffde1d1b000 	C:\Windows\System32\GDI32.dll
0x00007ffde1a10000 - 0x00007ffde1b20000 	C:\Windows\System32\gdi32full.dll
0x00007ffde2900000 - 0x00007ffde299e000 	C:\Windows\System32\msvcrt.dll
0x00007ffde1b50000 - 0x00007ffde1bed000 	C:\Windows\System32\msvcp_win.dll
0x00007ffde2800000 - 0x00007ffde2830000 	C:\Windows\System32\IMM32.DLL
0x00007ffdc1a70000 - 0x00007ffdc1a7c000 	C:\Program Files\Android\Android Studio\jbr\bin\vcruntime140_1.dll
0x00007ffdbfca0000 - 0x00007ffdbfd2d000 	C:\Program Files\Android\Android Studio\jbr\bin\msvcp140.dll
0x00007ffd93a30000 - 0x00007ffd945ec000 	C:\Program Files\Android\Android Studio\jbr\bin\server\jvm.dll
0x00007ffde35b0000 - 0x00007ffde365e000 	C:\Windows\System32\ADVAPI32.dll
0x00007ffde31a0000 - 0x00007ffde323c000 	C:\Windows\System32\sechost.dll
0x00007ffde26d0000 - 0x00007ffde27f4000 	C:\Windows\System32\RPCRT4.dll
0x00007ffde1d20000 - 0x00007ffde1d28000 	C:\Windows\System32\PSAPI.DLL
0x00007ffdcb910000 - 0x00007ffdcb919000 	C:\Windows\SYSTEM32\WSOCK32.dll
0x00007ffde2660000 - 0x00007ffde26cb000 	C:\Windows\System32\WS2_32.dll
0x00007ffdd6c10000 - 0x00007ffdd6c37000 	C:\Windows\SYSTEM32\WINMM.dll
0x00007ffdd6c00000 - 0x00007ffdd6c0a000 	C:\Windows\SYSTEM32\VERSION.dll
0x00007ffddfc40000 - 0x00007ffddfc52000 	C:\Windows\SYSTEM32\kernel.appcore.dll
0x00007ffdc2550000 - 0x00007ffdc2560000 	C:\Program Files\Android\Android Studio\jbr\bin\verify.dll
0x00007ffddf0d0000 - 0x00007ffddf2b4000 	C:\Windows\SYSTEM32\DBGHELP.DLL
0x00007ffdbd720000 - 0x00007ffdbd754000 	C:\Windows\SYSTEM32\dbgcore.DLL
0x00007ffde1890000 - 0x00007ffde1912000 	C:\Windows\System32\bcryptPrimitives.dll
0x00007ffdc2520000 - 0x00007ffdc2548000 	C:\Program Files\Android\Android Studio\jbr\bin\java.dll
0x00007ffdc1f20000 - 0x00007ffdc1f2a000 	C:\Program Files\Android\Android Studio\jbr\bin\jimage.dll
0x00007ffdc1f00000 - 0x00007ffdc1f18000 	C:\Program Files\Android\Android Studio\jbr\bin\zip.dll
0x00007ffde2a50000 - 0x00007ffde3194000 	C:\Windows\System32\SHELL32.dll
0x00007ffddf2c0000 - 0x00007ffddfa53000 	C:\Windows\SYSTEM32\windows.storage.dll
0x00007ffde38f0000 - 0x00007ffde3c44000 	C:\Windows\System32\combase.dll
0x00007ffde0d90000 - 0x00007ffde0dbe000 	C:\Windows\SYSTEM32\Wldp.dll
0x00007ffde29a0000 - 0x00007ffde2a4d000 	C:\Windows\System32\SHCORE.dll
0x00007ffde3710000 - 0x00007ffde3765000 	C:\Windows\System32\shlwapi.dll
0x00007ffde12e0000 - 0x00007ffde12ff000 	C:\Windows\SYSTEM32\profapi.dll
0x00007ffdc1ee0000 - 0x00007ffdc1ef9000 	C:\Program Files\Android\Android Studio\jbr\bin\net.dll
0x00007ffdd88f0000 - 0x00007ffdd89fa000 	C:\Windows\SYSTEM32\WINHTTP.dll
0x00007ffde0af0000 - 0x00007ffde0b5a000 	C:\Windows\system32\mswsock.dll
0x00007ffdc1ec0000 - 0x00007ffdc1ed3000 	C:\Program Files\Android\Android Studio\jbr\bin\nio.dll

dbghelp: loaded successfully - version: 4.0.5 - missing functions: none
symbol engine: initialized successfully - sym options: 0x614 - pdb path: .;C:\Program Files\Android\Android Studio\jbr\bin;C:\Windows\SYSTEM32;C:\Windows\WinSxS\amd64_microsoft.windows.common-controls_6595b64144ccf1df_6.0.19041.1110_none_60b5254171f9507e;C:\Program Files\Android\Android Studio\jbr\bin\server

VM Arguments:
java_command: org.jetbrains.kotlin.cli.jvm.K2JVMCompiler @C:\Users\Admin\Desktop\Github\Classo\app\build\20230410_272690988206381246.compiler.options
java_class_path (initial): C:\Users\Admin\.gradle\caches\modules-2\files-2.1\org.jetbrains.kotlin\kotlin-compiler-embeddable\1.8.0\eb9118d4bcceaa2a94b2ae2a33a4ddba7c9a947f\kotlin-compiler-embeddable-1.8.0.jar;C:\Users\Admin\.gradle\caches\modules-2\files-2.1\org.jetbrains.kotlin\kotlin-stdlib\1.8.0\1796921c7a3e2e2665a83e6c8d33399336cd39bc\kotlin-stdlib-1.8.0.jar;C:\Users\Admin\.gradle\caches\modules-2\files-2.1\org.jetbrains.kotlin\kotlin-script-runtime\1.8.0\b2f7e760d283cb339974851c222a4c1d48f2d3d\kotlin-script-runtime-1.8.0.jar;C:\Users\Admin\.gradle\caches\modules-2\files-2.1\org.jetbrains.kotlin\kotlin-reflect\1.6.10\1cbe9c92c12a94eea200d23c2bbaedaf3daf5132\kotlin-reflect-1.6.10.jar;C:\Users\Admin\.gradle\caches\modules-2\files-2.1\org.jetbrains.kotlin\kotlin-daemon-embeddable\1.8.0\d255216c551685dc3a7e852b53617f5f01aaaa5c\kotlin-daemon-embeddable-1.8.0.jar;C:\Users\Admin\.gradle\caches\modules-2\files-2.1\org.jetbrains.intellij.deps\trove4j\1.0.20200330\3afb14d5f9ceb459d724e907a21145e8ff394f02\trove4j-1.0.20200330.jar;C:\Users\Admin\.gradle\caches\modules-2\files-2.1\net.java.dev.jna\jna\5.6.0\330f2244e9030119ab3030fc3fededc86713d9cc\jna-5.6.0.jar;C:\Users\Admin\.gradle\caches\modules-2\files-2.1\org.jetbrains.kotlin\kotlin-stdlib-common\1.8.0\f7197e7cc76453ac59f8b0f8d5137cc600becd36\kotlin-stdlib-common-1.8.0.jar;C:\Users\Admin\.gradle\caches\modules-2\files-2.1\org.jetbrains\annotations\13.0\919f0dfe192fb4e063e7dacadee7f8bb9a2672a9\annotations-13.0.jar
Launcher Type: SUN_STANDARD

[Global flags]
     intx CICompilerCount                          = 12                                        {product} {ergonomic}
     uint ConcGCThreads                            = 3                                         {product} {ergonomic}
     uint G1ConcRefinementThreads                  = 13                                        {product} {ergonomic}
   size_t G1HeapRegionSize                         = 1048576                                   {product} {ergonomic}
    uintx GCDrainStackTargetSize                   = 64                                        {product} {ergonomic}
   size_t InitialHeapSize                          = 257949696                                 {product} {ergonomic}
   size_t MarkStackSize                            = 4194304                                   {product} {ergonomic}
   size_t MaxHeapSize                              = 4118806528                                {product} {ergonomic}
   size_t MaxNewSize                               = 2470445056                                {product} {ergonomic}
   size_t MinHeapDeltaBytes                        = 1048576                                   {product} {ergonomic}
    uintx NonNMethodCodeHeapSize                   = 7594288                                {pd product} {ergonomic}
    uintx NonProfiledCodeHeapSize                  = 122031976                              {pd product} {ergonomic}
    uintx ProfiledCodeHeapSize                     = 122031976                              {pd product} {ergonomic}
    uintx ReservedCodeCacheSize                    = 251658240                              {pd product} {ergonomic}
     bool SegmentedCodeCache                       = true                                      {product} {ergonomic}
     bool UseCompressedClassPointers               = true                                 {lp64_product} {ergonomic}
     bool UseCompressedOops                        = true                                 {lp64_product} {ergonomic}
     bool UseG1GC                                  = true                                      {product} {ergonomic}
     bool UseLargePagesIndividualAllocation        = false                                  {pd product} {ergonomic}

Logging:
Log output configuration:
 #0: stdout all=warning uptime,level,tags
 #1: stderr all=off uptime,level,tags

Environment Variables:
PATH=C:\app\Admin\product\21c\dbhomeXE\bin;C:\Program Files\Microsoft\jdk-11.0.16.101-hotspot\bin;C:\Program Files\Common Files\Oracle\Java\javapath;C:\Windows\system32;C:\Windows;C:\Windows\System32\Wbem;C:\Windows\System32\WindowsPowerShell\v1.0\;C:\Windows\System32\OpenSSH\;C:\Program Files\Git\cmd;C:\Program Files\TortoiseHg\;C:\Users\Admin\AppData\Local\Programs\Python\Python311\;C:\mozilla-build\;C:\Program Files (x86)\Windows Kits\10\Windows Performance Toolkit\;C:\PROGRA~2\WINKITS\10;C:\Program Files\Microsoft SQL Server\150\Tools\Binn\;C:\Program Files\Microsoft SQL Server\Client SDK\ODBC\170\Tools\Binn\;C:\Program Files\dotnet\;cl1;C:\Users\Admin\.cargo\bin;C:\Users\Admin\AppData\Local\Programs\Python\Python311\Scripts\;C:\Users\Admin\AppData\Local\Programs\Python\Python311\;C:\Users\Admin\AppData\Local\Microsoft\WindowsApps;C:\Users\Admin\AppData\Local\Programs\Microsoft VS Code\bin;C:\Users\Admin\.dotnet\tools;C:\Users\Admin\AppData\Local\GitHubDesktop\bin
USERNAME=Admin
OS=Windows_NT
PROCESSOR_IDENTIFIER=AMD64 Family 23 Model 104 Stepping 1, AuthenticAMD



---------------  S Y S T E M  ---------------

OS: Windows 10 , 64 bit Build 19041 (10.0.19041.2788)
OS uptime: 0 days 2:16 hours

CPU:total 16 (initial active 16) (16 cores per cpu, 2 threads per core) family 23 model 104 stepping 1 microcode 0x0, cmov, cx8, fxsr, mmx, sse, sse2, sse3, ssse3, sse4.1, sse4.2, popcnt, avx, avx2, aes, clmul, mmxext, 3dnowpref, lzcnt, sse4a, ht, tsc, tscinvbit, tscinv, bmi1, bmi2, adx, sha, fma

Memory: 4k page, system-wide physical 15709M (2880M free)
TotalPageFile size 15709M (AvailPageFile size 5M)
current process WorkingSet (physical memory assigned to process): 114M, peak: 114M
current process commit charge ("private bytes"): 367M, peak: 367M

vm_info: OpenJDK 64-Bit Server VM (11.0.15+0-b2043.56-9505619) for windows-amd64 JRE (11.0.15+0-b2043.56-9505619), built on Jan 19 2023 02:48:00 by "builduser" with unknown MS VC++:1929

END.
