#
# There is insufficient memory for the Java Runtime Environment to continue.
# Native memory allocation (mmap) failed to map 257949696 bytes for Failed to commit area from 0x000000070a800000 to 0x0000000719e00000 of length 257949696.
# Possible reasons:
#   The system is out of physical RAM or swap space
#   The process is running with CompressedOops enabled, and the Java Heap may be blocking the growth of the native heap
# Possible solutions:
#   Reduce memory load on the system
#   Increase physical memory or swap space
#   Check if swap backing store is full
#   Decrease Java heap size (-Xmx/-Xms)
#   Decrease number of Java threads
#   Decrease Java thread stack sizes (-Xss)
#   Set larger code cache with -XX:ReservedCodeCacheSize=
# This output file may be truncated or incomplete.
#
#  Out of Memory Error (src/hotspot/os/windows/os_windows.cpp:3627), pid=10676, tid=8268
#
# JRE version:  (11.0.15) (build )
# Java VM: OpenJDK 64-Bit Server VM (11.0.15+0-b2043.56-9505619, mixed mode, sharing, tiered, compressed oops, g1 gc, windows-amd64)
# No core dump will be written. Minidumps are not enabled by default on client versions of Windows
#

---------------  S U M M A R Y ------------

Command Line: org.jetbrains.kotlin.cli.jvm.K2JVMCompiler @C:\Users\Admin\Desktop\Github\Classo\app\build\20230410_6709710943127859489.compiler.options

Host: AMD Ryzen 7 5700U with Radeon Graphics         , 16 cores, 15G,  Windows 10 , 64 bit Build 19041 (10.0.19041.2788)
Time: Mon Apr 10 20:53:22 2023 India Standard Time elapsed time: 0.006666 seconds (0d 0h 0m 0s)

---------------  T H R E A D  ---------------

Current thread (0x000001d3c6010000):  JavaThread "Unknown thread" [_thread_in_vm, id=8268, stack(0x0000003addc00000,0x0000003addd00000)]

Stack: [0x0000003addc00000,0x0000003addd00000]
Native frames: (J=compiled Java code, j=interpreted, Vv=VM code, C=native code)
V  [jvm.dll+0x64135a]
V  [jvm.dll+0x7d39f9]
V  [jvm.dll+0x7d51b9]
V  [jvm.dll+0x7d58a3]
V  [jvm.dll+0x2691c5]
V  [jvm.dll+0x63e4e9]
V  [jvm.dll+0x632985]
V  [jvm.dll+0x3231ac]
V  [jvm.dll+0x323032]
V  [jvm.dll+0x327c06]
V  [jvm.dll+0x36ffa2]
V  [jvm.dll+0x36fa01]
V  [jvm.dll+0x2fea28]
V  [jvm.dll+0x2ffb25]
V  [jvm.dll+0x7accd7]
V  [jvm.dll+0x7ae49f]
V  [jvm.dll+0x37d299]
V  [jvm.dll+0x78ef9f]
V  [jvm.dll+0x3ec847]
V  [jvm.dll+0x3eed31]
C  [jli.dll+0x52cb]
C  [ucrtbase.dll+0x21bb2]
C  [KERNEL32.DLL+0x17604]
C  [ntdll.dll+0x526a1]


---------------  P R O C E S S  ---------------

Threads class SMR info:
_java_thread_list=0x000001d3c5df13f0, length=0, elements={
}

Java Threads: ( => current thread )

Other Threads:
  0x000001d3c6028800 GCTaskThread "GC Thread#0" [stack: 0x0000003addd00000,0x0000003adde00000] [id=11472]
  0x000001d3c6082000 ConcurrentGCThread "G1 Main Marker" [stack: 0x0000003adde00000,0x0000003addf00000] [id=9480]
  0x000001d3c6083800 ConcurrentGCThread "G1 Conc#0" [stack: 0x0000003addf00000,0x0000003ade000000] [id=11988]

[error occurred during error reporting (printing all threads), id 0xc0000005, EXCEPTION_ACCESS_VIOLATION (0xc0000005) at pc=0x00007ffb2017f3e7]

VM state:not at safepoint (not fully initialized)

VM Mutex/Monitor currently owned by a thread:  ([mutex/lock_event])
[0x000001d3c600dbe0] Heap_lock - owner thread: 0x000001d3c6010000

Heap address: 0x000000070a800000, size: 3928 MB, Compressed Oops mode: Non-zero based: 0x000000070a800000
Narrow klass base: 0x0000000000000000, Narrow klass shift: 0

GC Heap History (0 events):
No events

Deoptimization events (0 events):
No events

Classes redefined (0 events):
No events

Internal exceptions (0 events):
No events

Events (1 events):
Event: 0.004 Loaded shared library C:\Program Files\Android\Android Studio\jbr\bin\zip.dll


Dynamic libraries:
0x00007ff6625c0000 - 0x00007ff6625ca000 	C:\Program Files\Android\Android Studio\jbr\bin\java.exe
0x00007ffb6cb90000 - 0x00007ffb6cd88000 	C:\Windows\SYSTEM32\ntdll.dll
0x00007ffb6ae90000 - 0x00007ffb6af4f000 	C:\Windows\System32\KERNEL32.DLL
0x00007ffb6a5e0000 - 0x00007ffb6a8ba000 	C:\Windows\System32\KERNELBASE.dll
0x00007ffb6a340000 - 0x00007ffb6a440000 	C:\Windows\System32\ucrtbase.dll
0x00007ffb5d060000 - 0x00007ffb5d07b000 	C:\Program Files\Android\Android Studio\jbr\bin\VCRUNTIME140.dll
0x00007ffb5c800000 - 0x00007ffb5c817000 	C:\Program Files\Android\Android Studio\jbr\bin\jli.dll
0x00007ffb6c470000 - 0x00007ffb6c60d000 	C:\Windows\System32\USER32.dll
0x00007ffb6abc0000 - 0x00007ffb6abe2000 	C:\Windows\System32\win32u.dll
0x00007ffb57640000 - 0x00007ffb578da000 	C:\Windows\WinSxS\amd64_microsoft.windows.common-controls_6595b64144ccf1df_6.0.19041.1110_none_60b5254171f9507e\COMCTL32.dll
0x00007ffb6cb20000 - 0x00007ffb6cb4b000 	C:\Windows\System32\GDI32.dll
0x00007ffb6aab0000 - 0x00007ffb6abc0000 	C:\Windows\System32\gdi32full.dll
0x00007ffb6b100000 - 0x00007ffb6b19e000 	C:\Windows\System32\msvcrt.dll
0x00007ffb6a2a0000 - 0x00007ffb6a33d000 	C:\Windows\System32\msvcp_win.dll
0x00007ffb6afb0000 - 0x00007ffb6afe0000 	C:\Windows\System32\IMM32.DLL
0x00007ffb5c7f0000 - 0x00007ffb5c7fc000 	C:\Program Files\Android\Android Studio\jbr\bin\vcruntime140_1.dll
0x00007ffb5c630000 - 0x00007ffb5c6bd000 	C:\Program Files\Android\Android Studio\jbr\bin\msvcp140.dll
0x00007ffb1fe70000 - 0x00007ffb20a2c000 	C:\Program Files\Android\Android Studio\jbr\bin\server\jvm.dll
0x00007ffb6b050000 - 0x00007ffb6b0fe000 	C:\Windows\System32\ADVAPI32.dll
0x00007ffb6c610000 - 0x00007ffb6c6ac000 	C:\Windows\System32\sechost.dll
0x00007ffb6bfc0000 - 0x00007ffb6c0e4000 	C:\Windows\System32\RPCRT4.dll
0x00007ffb6b2d0000 - 0x00007ffb6b2d8000 	C:\Windows\System32\PSAPI.DLL
0x00007ffb612f0000 - 0x00007ffb61317000 	C:\Windows\SYSTEM32\WINMM.dll
0x00007ffb588c0000 - 0x00007ffb588c9000 	C:\Windows\SYSTEM32\WSOCK32.dll
0x00007ffb6c0f0000 - 0x00007ffb6c15b000 	C:\Windows\System32\WS2_32.dll
0x00007ffb61750000 - 0x00007ffb6175a000 	C:\Windows\SYSTEM32\VERSION.dll
0x00007ffb68b40000 - 0x00007ffb68b52000 	C:\Windows\SYSTEM32\kernel.appcore.dll
0x00007ffb4b3a0000 - 0x00007ffb4b3b0000 	C:\Program Files\Android\Android Studio\jbr\bin\verify.dll
0x00007ffb67fd0000 - 0x00007ffb681b4000 	C:\Windows\SYSTEM32\DBGHELP.DLL
0x00007ffb46620000 - 0x00007ffb46654000 	C:\Windows\SYSTEM32\dbgcore.DLL
0x00007ffb6aa20000 - 0x00007ffb6aaa2000 	C:\Windows\System32\bcryptPrimitives.dll
0x00007ffb4a720000 - 0x00007ffb4a748000 	C:\Program Files\Android\Android Studio\jbr\bin\java.dll
0x00007ffb4b340000 - 0x00007ffb4b34a000 	C:\Program Files\Android\Android Studio\jbr\bin\jimage.dll
0x00007ffb49a70000 - 0x00007ffb49a88000 	C:\Program Files\Android\Android Studio\jbr\bin\zip.dll

dbghelp: loaded successfully - version: 4.0.5 - missing functions: none
symbol engine: initialized successfully - sym options: 0x614 - pdb path: .;C:\Program Files\Android\Android Studio\jbr\bin;C:\Windows\SYSTEM32;C:\Windows\WinSxS\amd64_microsoft.windows.common-controls_6595b64144ccf1df_6.0.19041.1110_none_60b5254171f9507e;C:\Program Files\Android\Android Studio\jbr\bin\server

VM Arguments:
java_command: org.jetbrains.kotlin.cli.jvm.K2JVMCompiler @C:\Users\Admin\Desktop\Github\Classo\app\build\20230410_6709710943127859489.compiler.options
java_class_path (initial): C:\Users\Admin\.gradle\caches\modules-2\files-2.1\org.jetbrains.kotlin\kotlin-compiler-embeddable\1.8.0\eb9118d4bcceaa2a94b2ae2a33a4ddba7c9a947f\kotlin-compiler-embeddable-1.8.0.jar;C:\Users\Admin\.gradle\caches\modules-2\files-2.1\org.jetbrains.kotlin\kotlin-stdlib\1.8.0\1796921c7a3e2e2665a83e6c8d33399336cd39bc\kotlin-stdlib-1.8.0.jar;C:\Users\Admin\.gradle\caches\modules-2\files-2.1\org.jetbrains.kotlin\kotlin-script-runtime\1.8.0\b2f7e760d283cb339974851c222a4c1d48f2d3d\kotlin-script-runtime-1.8.0.jar;C:\Users\Admin\.gradle\caches\modules-2\files-2.1\org.jetbrains.kotlin\kotlin-reflect\1.6.10\1cbe9c92c12a94eea200d23c2bbaedaf3daf5132\kotlin-reflect-1.6.10.jar;C:\Users\Admin\.gradle\caches\modules-2\files-2.1\org.jetbrains.kotlin\kotlin-daemon-embeddable\1.8.0\d255216c551685dc3a7e852b53617f5f01aaaa5c\kotlin-daemon-embeddable-1.8.0.jar;C:\Users\Admin\.gradle\caches\modules-2\files-2.1\org.jetbrains.intellij.deps\trove4j\1.0.20200330\3afb14d5f9ceb459d724e907a21145e8ff394f02\trove4j-1.0.20200330.jar;C:\Users\Admin\.gradle\caches\modules-2\files-2.1\net.java.dev.jna\jna\5.6.0\330f2244e9030119ab3030fc3fededc86713d9cc\jna-5.6.0.jar;C:\Users\Admin\.gradle\caches\modules-2\files-2.1\org.jetbrains.kotlin\kotlin-stdlib-common\1.8.0\f7197e7cc76453ac59f8b0f8d5137cc600becd36\kotlin-stdlib-common-1.8.0.jar;C:\Users\Admin\.gradle\caches\modules-2\files-2.1\org.jetbrains\annotations\13.0\919f0dfe192fb4e063e7dacadee7f8bb9a2672a9\annotations-13.0.jar
Launcher Type: SUN_STANDARD

[Global flags]
     intx CICompilerCount                          = 12                                        {product} {ergonomic}
     uint ConcGCThreads                            = 3                                         {product} {ergonomic}
     uint G1ConcRefinementThreads                  = 13                                        {product} {ergonomic}
   size_t G1HeapRegionSize                         = 1048576                                   {product} {ergonomic}
    uintx GCDrainStackTargetSize                   = 64                                        {product} {ergonomic}
   size_t InitialHeapSize                          = 257949696                                 {product} {ergonomic}
   size_t MarkStackSize                            = 4194304                                   {product} {ergonomic}
   size_t MaxHeapSize                              = 4118806528                                {product} {ergonomic}
   size_t MinHeapDeltaBytes                        = 1048576                                   {product} {ergonomic}
    uintx NonNMethodCodeHeapSize                   = 7594288                                {pd product} {ergonomic}
    uintx NonProfiledCodeHeapSize                  = 122031976                              {pd product} {ergonomic}
    uintx ProfiledCodeHeapSize                     = 122031976                              {pd product} {ergonomic}
    uintx ReservedCodeCacheSize                    = 251658240                              {pd product} {ergonomic}
     bool SegmentedCodeCache                       = true                                      {product} {ergonomic}
     bool UseCompressedClassPointers               = true                                 {lp64_product} {ergonomic}
     bool UseCompressedOops                        = true                                 {lp64_product} {ergonomic}
     bool UseG1GC                                  = true                                      {product} {ergonomic}
     bool UseLargePagesIndividualAllocation        = false                                  {pd product} {ergonomic}

Logging:
Log output configuration:
 #0: stdout all=warning uptime,level,tags
 #1: stderr all=off uptime,level,tags

Environment Variables:
PATH=C:\app\Admin\product\21c\dbhomeXE\bin;C:\Program Files\Microsoft\jdk-11.0.16.101-hotspot\bin;C:\Program Files\Common Files\Oracle\Java\javapath;C:\Windows\system32;C:\Windows;C:\Windows\System32\Wbem;C:\Windows\System32\WindowsPowerShell\v1.0\;C:\Windows\System32\OpenSSH\;C:\Program Files\Git\cmd;C:\Program Files\TortoiseHg\;C:\Users\Admin\AppData\Local\Programs\Python\Python311\;C:\mozilla-build\;C:\Program Files (x86)\Windows Kits\10\Windows Performance Toolkit\;C:\PROGRA~2\WINKITS\10;C:\Program Files\Microsoft SQL Server\150\Tools\Binn\;C:\Program Files\Microsoft SQL Server\Client SDK\ODBC\170\Tools\Binn\;C:\Program Files\dotnet\;cl1;C:\Users\Admin\.cargo\bin;C:\Users\Admin\AppData\Local\Programs\Python\Python311\Scripts\;C:\Users\Admin\AppData\Local\Programs\Python\Python311\;C:\Users\Admin\AppData\Local\Microsoft\WindowsApps;C:\Users\Admin\AppData\Local\Programs\Microsoft VS Code\bin;C:\Users\Admin\.dotnet\tools;C:\Users\Admin\AppData\Local\GitHubDesktop\bin
USERNAME=Admin
OS=Windows_NT
PROCESSOR_IDENTIFIER=AMD64 Family 23 Model 104 Stepping 1, AuthenticAMD



---------------  S Y S T E M  ---------------

OS: Windows 10 , 64 bit Build 19041 (10.0.19041.2788)
OS uptime: 0 days 0:16 hours

CPU:total 16 (initial active 16) (16 cores per cpu, 2 threads per core) family 23 model 104 stepping 1 microcode 0x0, cmov, cx8, fxsr, mmx, sse, sse2, sse3, ssse3, sse4.1, sse4.2, popcnt, avx, avx2, aes, clmul, mmxext, 3dnowpref, lzcnt, sse4a, ht, tsc, tscinvbit, tscinv, bmi1, bmi2, adx, sha, fma

Memory: 4k page, system-wide physical 15709M (2470M free)
TotalPageFile size 15709M (AvailPageFile size 186M)
current process WorkingSet (physical memory assigned to process): 10M, peak: 10M
current process commit charge ("private bytes"): 71M, peak: 317M

vm_info: OpenJDK 64-Bit Server VM (11.0.15+0-b2043.56-9505619) for windows-amd64 JRE (11.0.15+0-b2043.56-9505619), built on Jan 19 2023 02:48:00 by "builduser" with unknown MS VC++:1929

END.
